<?xml version="1.0" encoding="UTF-8"?>
<!-- Generated by org.testng.reporters.JUnitReportReporter -->
<testsuite skipped="0" hostname="pcybaek" name="ShypTest.LoginTest" tests="1" failures="0" timestamp="02 Jul 2020 23:31:30 GMT" time="4.111" errors="0">
  <testcase name="LoginPageTest" time="4.111" classname="ShypTest.LoginTest"/>
</testsuite> <!-- ShypTest.LoginTest -->
